<?xml version="1.0" encoding="UTF-8"?>
<!-- Generated by org.testng.reporters.JUnitReportReporter -->
<testsuite skipped="0" hostname="WINDOWS-3LMCDAT" name="testscripts.SnapDealSignupTest" tests="1" failures="0" timestamp="02 Oct 2020 10:42:22 GMT" time="51.395" errors="0">
  <testcase name="snapDealTest" time="51.395" classname="testscripts.SnapDealSignupTest"/>
</testsuite> <!-- testscripts.SnapDealSignupTest -->
