<?xml version="1.0" encoding="UTF-8"?>
<!-- Generated by org.testng.reporters.JUnitReportReporter -->
<testsuite skipped="0" hostname="WINDOWS-3LMCDAT" name="testscripts.SnapDealLoginTest" tests="1" failures="0" timestamp="20 Sep 2020 16:17:33 GMT" time="33.066" errors="0">
  <testcase name="snapDealTest" time="33.066" classname="testscripts.SnapDealLoginTest"/>
</testsuite> <!-- testscripts.SnapDealLoginTest -->
